<?xml version="1.0" encoding="UTF-8"?>
<!-- Generated by org.testng.reporters.JUnitReportReporter -->
<testsuite hostname="Suresh-PC" name="GoogleTests" tests="2" failures="0" timestamp="22 May 2019 21:45:00 GMT" time="55.942" errors="0">
  <testcase name="navigateToGmailPage" time="4.830" classname="GoogleTests"/>
  <testcase name="verifyTitle" time="51.112" classname="GoogleTests"/>
</testsuite> <!-- GoogleTests -->
