<?xml version="1.0" encoding="UTF-8"?>
<!-- Generated by org.testng.reporters.JUnitReportReporter -->
<testsuite hostname="Suresh-PC" name="GoogleTests" tests="2" failures="0" timestamp="19 May 2019 22:58:05 GMT" time="15.160" errors="0">
  <testcase name="navigateToGmailPage" time="5.165" classname="GoogleTests"/>
  <testcase name="verifyTitle" time="9.995" classname="GoogleTests"/>
</testsuite> <!-- GoogleTests -->
